[2026-06-25 15:12:04,369][__main__][INFO] - Original working directory: /media/Hulu/面部反应生成/baseline_react2026-main-v2
[2026-06-25 15:12:04,369][__main__][INFO] - Instantiating trainer
[2026-06-25 15:12:04,572][__main__][INFO] - Done instantiating trainer
[2026-06-25 15:12:04,572][__main__][INFO] - Instantiating data module
[2026-06-25 15:12:04,604][__main__][INFO] - Model Fitting ...
[2026-06-25 15:12:04,604][trainer.perfrdiff_rewrite_weight][INFO] - Loading rewrite-weight data module
[2026-06-25 15:12:04,787][trainer.perfrdiff_rewrite_weight][INFO] - Data module loaded
[2026-06-25 15:12:05,686][trainer.perfrdiff_rewrite_weight][INFO] - Loaded EEG head checkpoint: /media/Hulu/面部反应生成/baseline_react2026-main-v2/pretrained_models/rewrite_weight/EEGPredictionHead/checkpoint.pth
[2026-06-25 15:12:25,646][trainer.perfrdiff_rewrite_weight][INFO] - Epoch: 1 train_loss: 0.12474 prior_loss: 0.00000 decoder_loss: 0.02479 eeg_loss: 0.09996 eeg_valid_ratio: 0.77543
[2026-06-25 15:12:46,165][trainer.perfrdiff_rewrite_weight][INFO] - Epoch: 2 train_loss: 0.12504 prior_loss: 0.00000 decoder_loss: 0.02481 eeg_loss: 0.10024 eeg_valid_ratio: 0.77031
[2026-06-25 15:13:06,599][trainer.perfrdiff_rewrite_weight][INFO] - Epoch: 3 train_loss: 0.12931 prior_loss: 0.00000 decoder_loss: 0.02555 eeg_loss: 0.10376 eeg_valid_ratio: 0.77625
[2026-06-25 15:13:26,712][trainer.perfrdiff_rewrite_weight][INFO] - Epoch: 4 train_loss: 0.12418 prior_loss: 0.00000 decoder_loss: 0.02504 eeg_loss: 0.09915 eeg_valid_ratio: 0.77255
[2026-06-25 15:13:47,130][trainer.perfrdiff_rewrite_weight][INFO] - Epoch: 5 train_loss: 0.12444 prior_loss: 0.00000 decoder_loss: 0.02537 eeg_loss: 0.09907 eeg_valid_ratio: 0.77061
[2026-06-25 15:14:07,796][trainer.perfrdiff_rewrite_weight][INFO] - Epoch: 6 train_loss: 0.13030 prior_loss: 0.00000 decoder_loss: 0.02643 eeg_loss: 0.10387 eeg_valid_ratio: 0.77354
[2026-06-25 15:14:28,062][trainer.perfrdiff_rewrite_weight][INFO] - Epoch: 7 train_loss: 0.12845 prior_loss: 0.00000 decoder_loss: 0.02593 eeg_loss: 0.10252 eeg_valid_ratio: 0.77031
[2026-06-25 15:14:48,467][trainer.perfrdiff_rewrite_weight][INFO] - Epoch: 8 train_loss: 0.12759 prior_loss: 0.00000 decoder_loss: 0.02457 eeg_loss: 0.10302 eeg_valid_ratio: 0.77375
[2026-06-25 15:15:08,414][trainer.perfrdiff_rewrite_weight][INFO] - Epoch: 9 train_loss: 0.12768 prior_loss: 0.00000 decoder_loss: 0.02408 eeg_loss: 0.10359 eeg_valid_ratio: 0.77466
[2026-06-25 15:15:28,580][trainer.perfrdiff_rewrite_weight][INFO] - Epoch: 10 train_loss: 0.12711 prior_loss: 0.00000 decoder_loss: 0.02541 eeg_loss: 0.10170 eeg_valid_ratio: 0.77345
[2026-06-25 15:15:33,688][trainer.perfrdiff_rewrite_weight][INFO] - Epoch: 10 val_loss: 0.16911 prior_loss: 0.00000 decoder_loss: 0.03565 eeg_loss: 0.13345 eeg_valid_ratio: 0.74694
[2026-06-25 15:15:54,903][trainer.perfrdiff_rewrite_weight][INFO] - Epoch: 11 train_loss: 0.12846 prior_loss: 0.00000 decoder_loss: 0.02489 eeg_loss: 0.10357 eeg_valid_ratio: 0.78210
[2026-06-25 15:16:14,795][trainer.perfrdiff_rewrite_weight][INFO] - Epoch: 12 train_loss: 0.12722 prior_loss: 0.00000 decoder_loss: 0.02438 eeg_loss: 0.10284 eeg_valid_ratio: 0.77758
[2026-06-25 15:16:35,012][trainer.perfrdiff_rewrite_weight][INFO] - Epoch: 13 train_loss: 0.12451 prior_loss: 0.00000 decoder_loss: 0.02514 eeg_loss: 0.09937 eeg_valid_ratio: 0.77569
[2026-06-25 15:16:55,461][trainer.perfrdiff_rewrite_weight][INFO] - Epoch: 14 train_loss: 0.12642 prior_loss: 0.00000 decoder_loss: 0.02580 eeg_loss: 0.10063 eeg_valid_ratio: 0.76605
[2026-06-25 15:17:15,863][trainer.perfrdiff_rewrite_weight][INFO] - Epoch: 15 train_loss: 0.12641 prior_loss: 0.00000 decoder_loss: 0.02558 eeg_loss: 0.10082 eeg_valid_ratio: 0.77646
[2026-06-25 15:17:35,896][trainer.perfrdiff_rewrite_weight][INFO] - Epoch: 16 train_loss: 0.12682 prior_loss: 0.00000 decoder_loss: 0.02576 eeg_loss: 0.10106 eeg_valid_ratio: 0.77689
[2026-06-25 15:17:55,980][trainer.perfrdiff_rewrite_weight][INFO] - Epoch: 17 train_loss: 0.13014 prior_loss: 0.00000 decoder_loss: 0.02480 eeg_loss: 0.10534 eeg_valid_ratio: 0.77904
[2026-06-25 15:18:16,046][trainer.perfrdiff_rewrite_weight][INFO] - Epoch: 18 train_loss: 0.12883 prior_loss: 0.00000 decoder_loss: 0.02579 eeg_loss: 0.10303 eeg_valid_ratio: 0.77620
[2026-06-25 15:18:36,382][trainer.perfrdiff_rewrite_weight][INFO] - Epoch: 19 train_loss: 0.12622 prior_loss: 0.00000 decoder_loss: 0.02547 eeg_loss: 0.10076 eeg_valid_ratio: 0.77414
[2026-06-25 15:18:56,443][trainer.perfrdiff_rewrite_weight][INFO] - Epoch: 20 train_loss: 0.12769 prior_loss: 0.00000 decoder_loss: 0.02576 eeg_loss: 0.10194 eeg_valid_ratio: 0.77431
[2026-06-25 15:19:01,482][trainer.perfrdiff_rewrite_weight][INFO] - Epoch: 20 val_loss: 0.15435 prior_loss: 0.00000 decoder_loss: 0.03247 eeg_loss: 0.12188 eeg_valid_ratio: 0.75319
[2026-06-25 15:19:23,125][trainer.perfrdiff_rewrite_weight][INFO] - Epoch: 21 train_loss: 0.12634 prior_loss: 0.00000 decoder_loss: 0.02527 eeg_loss: 0.10107 eeg_valid_ratio: 0.77797
[2026-06-25 15:19:43,118][trainer.perfrdiff_rewrite_weight][INFO] - Epoch: 22 train_loss: 0.12708 prior_loss: 0.00000 decoder_loss: 0.02523 eeg_loss: 0.10185 eeg_valid_ratio: 0.77423
[2026-06-25 15:20:03,376][trainer.perfrdiff_rewrite_weight][INFO] - Epoch: 23 train_loss: 0.12519 prior_loss: 0.00000 decoder_loss: 0.02499 eeg_loss: 0.10019 eeg_valid_ratio: 0.77547
[2026-06-25 15:20:23,800][trainer.perfrdiff_rewrite_weight][INFO] - Epoch: 24 train_loss: 0.12313 prior_loss: 0.00000 decoder_loss: 0.02520 eeg_loss: 0.09793 eeg_valid_ratio: 0.77031
[2026-06-25 15:20:44,292][trainer.perfrdiff_rewrite_weight][INFO] - Epoch: 25 train_loss: 0.12600 prior_loss: 0.00000 decoder_loss: 0.02468 eeg_loss: 0.10132 eeg_valid_ratio: 0.77100
[2026-06-25 15:21:04,844][trainer.perfrdiff_rewrite_weight][INFO] - Epoch: 26 train_loss: 0.12790 prior_loss: 0.00000 decoder_loss: 0.02492 eeg_loss: 0.10298 eeg_valid_ratio: 0.77603
[2026-06-25 15:21:24,918][trainer.perfrdiff_rewrite_weight][INFO] - Epoch: 27 train_loss: 0.12613 prior_loss: 0.00000 decoder_loss: 0.02545 eeg_loss: 0.10068 eeg_valid_ratio: 0.76725
[2026-06-25 15:21:44,982][trainer.perfrdiff_rewrite_weight][INFO] - Epoch: 28 train_loss: 0.13067 prior_loss: 0.00000 decoder_loss: 0.02562 eeg_loss: 0.10504 eeg_valid_ratio: 0.77707
[2026-06-25 15:22:05,536][trainer.perfrdiff_rewrite_weight][INFO] - Epoch: 29 train_loss: 0.12756 prior_loss: 0.00000 decoder_loss: 0.02537 eeg_loss: 0.10219 eeg_valid_ratio: 0.77423
[2026-06-25 15:22:25,569][trainer.perfrdiff_rewrite_weight][INFO] - Epoch: 30 train_loss: 0.12355 prior_loss: 0.00000 decoder_loss: 0.02508 eeg_loss: 0.09846 eeg_valid_ratio: 0.77827
[2026-06-25 15:22:30,625][trainer.perfrdiff_rewrite_weight][INFO] - Epoch: 30 val_loss: 0.17065 prior_loss: 0.00000 decoder_loss: 0.03743 eeg_loss: 0.13322 eeg_valid_ratio: 0.75031
[2026-06-25 15:22:51,531][trainer.perfrdiff_rewrite_weight][INFO] - Epoch: 31 train_loss: 0.12528 prior_loss: 0.00000 decoder_loss: 0.02595 eeg_loss: 0.09933 eeg_valid_ratio: 0.76971
[2026-06-25 15:23:11,990][trainer.perfrdiff_rewrite_weight][INFO] - Epoch: 32 train_loss: 0.12583 prior_loss: 0.00000 decoder_loss: 0.02584 eeg_loss: 0.09999 eeg_valid_ratio: 0.77517
[2026-06-25 15:23:32,288][trainer.perfrdiff_rewrite_weight][INFO] - Epoch: 33 train_loss: 0.12740 prior_loss: 0.00000 decoder_loss: 0.02712 eeg_loss: 0.10028 eeg_valid_ratio: 0.77225
[2026-06-25 15:23:52,898][trainer.perfrdiff_rewrite_weight][INFO] - Epoch: 34 train_loss: 0.12407 prior_loss: 0.00000 decoder_loss: 0.02487 eeg_loss: 0.09920 eeg_valid_ratio: 0.77870
[2026-06-25 15:24:13,105][trainer.perfrdiff_rewrite_weight][INFO] - Epoch: 35 train_loss: 0.12568 prior_loss: 0.00000 decoder_loss: 0.02494 eeg_loss: 0.10074 eeg_valid_ratio: 0.77199
[2026-06-25 15:24:33,263][trainer.perfrdiff_rewrite_weight][INFO] - Epoch: 36 train_loss: 0.12737 prior_loss: 0.00000 decoder_loss: 0.02460 eeg_loss: 0.10278 eeg_valid_ratio: 0.77380
[2026-06-25 15:24:53,353][trainer.perfrdiff_rewrite_weight][INFO] - Epoch: 37 train_loss: 0.12568 prior_loss: 0.00000 decoder_loss: 0.02529 eeg_loss: 0.10039 eeg_valid_ratio: 0.77771
[2026-06-25 15:25:13,458][trainer.perfrdiff_rewrite_weight][INFO] - Epoch: 38 train_loss: 0.12660 prior_loss: 0.00000 decoder_loss: 0.02546 eeg_loss: 0.10114 eeg_valid_ratio: 0.77212
[2026-06-25 15:25:34,030][trainer.perfrdiff_rewrite_weight][INFO] - Epoch: 39 train_loss: 0.12597 prior_loss: 0.00000 decoder_loss: 0.02488 eeg_loss: 0.10109 eeg_valid_ratio: 0.77139
[2026-06-25 15:25:54,293][trainer.perfrdiff_rewrite_weight][INFO] - Epoch: 40 train_loss: 0.12346 prior_loss: 0.00000 decoder_loss: 0.02603 eeg_loss: 0.09743 eeg_valid_ratio: 0.76700
[2026-06-25 15:25:59,322][trainer.perfrdiff_rewrite_weight][INFO] - Epoch: 40 val_loss: 0.17146 prior_loss: 0.00000 decoder_loss: 0.03685 eeg_loss: 0.13461 eeg_valid_ratio: 0.74568
[2026-06-25 15:26:19,815][trainer.perfrdiff_rewrite_weight][INFO] - Epoch: 41 train_loss: 0.12802 prior_loss: 0.00000 decoder_loss: 0.02483 eeg_loss: 0.10319 eeg_valid_ratio: 0.77642
[2026-06-25 15:26:40,211][trainer.perfrdiff_rewrite_weight][INFO] - Epoch: 42 train_loss: 0.12747 prior_loss: 0.00000 decoder_loss: 0.02531 eeg_loss: 0.10216 eeg_valid_ratio: 0.76932
[2026-06-25 15:27:00,590][trainer.perfrdiff_rewrite_weight][INFO] - Epoch: 43 train_loss: 0.12482 prior_loss: 0.00000 decoder_loss: 0.02537 eeg_loss: 0.09945 eeg_valid_ratio: 0.77315
[2026-06-25 15:27:20,771][trainer.perfrdiff_rewrite_weight][INFO] - Epoch: 44 train_loss: 0.12482 prior_loss: 0.00000 decoder_loss: 0.02464 eeg_loss: 0.10017 eeg_valid_ratio: 0.76906
[2026-06-25 15:27:40,932][trainer.perfrdiff_rewrite_weight][INFO] - Epoch: 45 train_loss: 0.12044 prior_loss: 0.00000 decoder_loss: 0.02487 eeg_loss: 0.09557 eeg_valid_ratio: 0.76226
[2026-06-25 15:28:01,049][trainer.perfrdiff_rewrite_weight][INFO] - Epoch: 46 train_loss: 0.12875 prior_loss: 0.00000 decoder_loss: 0.02528 eeg_loss: 0.10347 eeg_valid_ratio: 0.77242
[2026-06-25 15:28:21,556][trainer.perfrdiff_rewrite_weight][INFO] - Epoch: 47 train_loss: 0.12074 prior_loss: 0.00000 decoder_loss: 0.02448 eeg_loss: 0.09626 eeg_valid_ratio: 0.77483
[2026-06-25 15:28:42,050][trainer.perfrdiff_rewrite_weight][INFO] - Epoch: 48 train_loss: 0.12884 prior_loss: 0.00000 decoder_loss: 0.02556 eeg_loss: 0.10328 eeg_valid_ratio: 0.77599
[2026-06-25 15:29:02,288][trainer.perfrdiff_rewrite_weight][INFO] - Epoch: 49 train_loss: 0.12370 prior_loss: 0.00000 decoder_loss: 0.02588 eeg_loss: 0.09782 eeg_valid_ratio: 0.77556
[2026-06-25 15:29:22,974][trainer.perfrdiff_rewrite_weight][INFO] - Epoch: 50 train_loss: 0.12581 prior_loss: 0.00000 decoder_loss: 0.02364 eeg_loss: 0.10217 eeg_valid_ratio: 0.77104
[2026-06-25 15:29:28,024][trainer.perfrdiff_rewrite_weight][INFO] - Epoch: 50 val_loss: 0.16042 prior_loss: 0.00000 decoder_loss: 0.03745 eeg_loss: 0.12297 eeg_valid_ratio: 0.73830
[2026-06-25 15:29:48,951][trainer.perfrdiff_rewrite_weight][INFO] - Epoch: 51 train_loss: 0.12910 prior_loss: 0.00000 decoder_loss: 0.02645 eeg_loss: 0.10265 eeg_valid_ratio: 0.77108
[2026-06-25 15:30:09,156][trainer.perfrdiff_rewrite_weight][INFO] - Epoch: 52 train_loss: 0.12373 prior_loss: 0.00000 decoder_loss: 0.02515 eeg_loss: 0.09858 eeg_valid_ratio: 0.77569
[2026-06-25 15:30:29,733][trainer.perfrdiff_rewrite_weight][INFO] - Epoch: 53 train_loss: 0.12491 prior_loss: 0.00000 decoder_loss: 0.02572 eeg_loss: 0.09919 eeg_valid_ratio: 0.77130
[2026-06-25 15:30:49,974][trainer.perfrdiff_rewrite_weight][INFO] - Epoch: 54 train_loss: 0.12841 prior_loss: 0.00000 decoder_loss: 0.02560 eeg_loss: 0.10282 eeg_valid_ratio: 0.78150
[2026-06-25 15:31:10,045][trainer.perfrdiff_rewrite_weight][INFO] - Epoch: 55 train_loss: 0.12622 prior_loss: 0.00000 decoder_loss: 0.02411 eeg_loss: 0.10211 eeg_valid_ratio: 0.77844
[2026-06-25 15:31:30,453][trainer.perfrdiff_rewrite_weight][INFO] - Epoch: 56 train_loss: 0.12572 prior_loss: 0.00000 decoder_loss: 0.02580 eeg_loss: 0.09992 eeg_valid_ratio: 0.77044
[2026-06-25 15:31:51,277][trainer.perfrdiff_rewrite_weight][INFO] - Epoch: 57 train_loss: 0.12535 prior_loss: 0.00000 decoder_loss: 0.02418 eeg_loss: 0.10117 eeg_valid_ratio: 0.77250
[2026-06-25 15:32:11,655][trainer.perfrdiff_rewrite_weight][INFO] - Epoch: 58 train_loss: 0.12350 prior_loss: 0.00000 decoder_loss: 0.02436 eeg_loss: 0.09915 eeg_valid_ratio: 0.77577
[2026-06-25 15:32:31,727][trainer.perfrdiff_rewrite_weight][INFO] - Epoch: 59 train_loss: 0.12584 prior_loss: 0.00000 decoder_loss: 0.02399 eeg_loss: 0.10185 eeg_valid_ratio: 0.76700
[2026-06-25 15:32:52,512][trainer.perfrdiff_rewrite_weight][INFO] - Epoch: 60 train_loss: 0.12402 prior_loss: 0.00000 decoder_loss: 0.02619 eeg_loss: 0.09783 eeg_valid_ratio: 0.77246
[2026-06-25 15:32:57,698][trainer.perfrdiff_rewrite_weight][INFO] - Epoch: 60 val_loss: 0.15848 prior_loss: 0.00000 decoder_loss: 0.03464 eeg_loss: 0.12384 eeg_valid_ratio: 0.74393
[2026-06-25 15:33:18,201][trainer.perfrdiff_rewrite_weight][INFO] - Epoch: 61 train_loss: 0.12475 prior_loss: 0.00000 decoder_loss: 0.02464 eeg_loss: 0.10012 eeg_valid_ratio: 0.77728
[2026-06-25 15:33:38,504][trainer.perfrdiff_rewrite_weight][INFO] - Epoch: 62 train_loss: 0.12405 prior_loss: 0.00000 decoder_loss: 0.02635 eeg_loss: 0.09770 eeg_valid_ratio: 0.76966
[2026-06-25 15:33:58,926][trainer.perfrdiff_rewrite_weight][INFO] - Epoch: 63 train_loss: 0.12268 prior_loss: 0.00000 decoder_loss: 0.02487 eeg_loss: 0.09782 eeg_valid_ratio: 0.77285
[2026-06-25 15:34:19,144][trainer.perfrdiff_rewrite_weight][INFO] - Epoch: 64 train_loss: 0.12543 prior_loss: 0.00000 decoder_loss: 0.02436 eeg_loss: 0.10107 eeg_valid_ratio: 0.77676
[2026-06-25 15:34:39,368][trainer.perfrdiff_rewrite_weight][INFO] - Epoch: 65 train_loss: 0.12213 prior_loss: 0.00000 decoder_loss: 0.02485 eeg_loss: 0.09728 eeg_valid_ratio: 0.77719
[2026-06-25 15:34:59,641][trainer.perfrdiff_rewrite_weight][INFO] - Epoch: 66 train_loss: 0.12491 prior_loss: 0.00000 decoder_loss: 0.02435 eeg_loss: 0.10056 eeg_valid_ratio: 0.77664
[2026-06-25 15:35:19,782][trainer.perfrdiff_rewrite_weight][INFO] - Epoch: 67 train_loss: 0.12602 prior_loss: 0.00000 decoder_loss: 0.02450 eeg_loss: 0.10152 eeg_valid_ratio: 0.77526
[2026-06-25 15:35:40,117][trainer.perfrdiff_rewrite_weight][INFO] - Epoch: 68 train_loss: 0.12531 prior_loss: 0.00000 decoder_loss: 0.02469 eeg_loss: 0.10062 eeg_valid_ratio: 0.77496
[2026-06-25 15:36:01,011][trainer.perfrdiff_rewrite_weight][INFO] - Epoch: 69 train_loss: 0.12711 prior_loss: 0.00000 decoder_loss: 0.02580 eeg_loss: 0.10131 eeg_valid_ratio: 0.78309
[2026-06-25 15:36:21,374][trainer.perfrdiff_rewrite_weight][INFO] - Epoch: 70 train_loss: 0.12450 prior_loss: 0.00000 decoder_loss: 0.02462 eeg_loss: 0.09988 eeg_valid_ratio: 0.78163
[2026-06-25 15:36:26,541][trainer.perfrdiff_rewrite_weight][INFO] - Epoch: 70 val_loss: 0.16373 prior_loss: 0.00000 decoder_loss: 0.03434 eeg_loss: 0.12939 eeg_valid_ratio: 0.74618
[2026-06-25 15:36:47,022][trainer.perfrdiff_rewrite_weight][INFO] - Epoch: 71 train_loss: 0.12553 prior_loss: 0.00000 decoder_loss: 0.02380 eeg_loss: 0.10173 eeg_valid_ratio: 0.77612
[2026-06-25 15:37:07,720][trainer.perfrdiff_rewrite_weight][INFO] - Epoch: 72 train_loss: 0.12350 prior_loss: 0.00000 decoder_loss: 0.02508 eeg_loss: 0.09842 eeg_valid_ratio: 0.77496
[2026-06-25 15:37:28,371][trainer.perfrdiff_rewrite_weight][INFO] - Epoch: 73 train_loss: 0.12362 prior_loss: 0.00000 decoder_loss: 0.02491 eeg_loss: 0.09871 eeg_valid_ratio: 0.77380
[2026-06-25 15:37:48,600][trainer.perfrdiff_rewrite_weight][INFO] - Epoch: 74 train_loss: 0.12392 prior_loss: 0.00000 decoder_loss: 0.02517 eeg_loss: 0.09875 eeg_valid_ratio: 0.77668
[2026-06-25 15:38:09,094][trainer.perfrdiff_rewrite_weight][INFO] - Epoch: 75 train_loss: 0.12454 prior_loss: 0.00000 decoder_loss: 0.02481 eeg_loss: 0.09972 eeg_valid_ratio: 0.77857
[2026-06-25 15:38:29,419][trainer.perfrdiff_rewrite_weight][INFO] - Epoch: 76 train_loss: 0.12662 prior_loss: 0.00000 decoder_loss: 0.02546 eeg_loss: 0.10115 eeg_valid_ratio: 0.76906
[2026-06-25 15:38:49,661][trainer.perfrdiff_rewrite_weight][INFO] - Epoch: 77 train_loss: 0.12655 prior_loss: 0.00000 decoder_loss: 0.02491 eeg_loss: 0.10164 eeg_valid_ratio: 0.77100
[2026-06-25 15:39:10,442][trainer.perfrdiff_rewrite_weight][INFO] - Epoch: 78 train_loss: 0.12761 prior_loss: 0.00000 decoder_loss: 0.02567 eeg_loss: 0.10194 eeg_valid_ratio: 0.77612
[2026-06-25 15:39:31,085][trainer.perfrdiff_rewrite_weight][INFO] - Epoch: 79 train_loss: 0.12334 prior_loss: 0.00000 decoder_loss: 0.02505 eeg_loss: 0.09829 eeg_valid_ratio: 0.77543
[2026-06-25 15:39:51,813][trainer.perfrdiff_rewrite_weight][INFO] - Epoch: 80 train_loss: 0.12207 prior_loss: 0.00000 decoder_loss: 0.02546 eeg_loss: 0.09661 eeg_valid_ratio: 0.77504
[2026-06-25 15:39:56,853][trainer.perfrdiff_rewrite_weight][INFO] - Epoch: 80 val_loss: 0.15906 prior_loss: 0.00000 decoder_loss: 0.03712 eeg_loss: 0.12194 eeg_valid_ratio: 0.74331
[2026-06-25 15:40:17,534][trainer.perfrdiff_rewrite_weight][INFO] - Epoch: 81 train_loss: 0.12510 prior_loss: 0.00000 decoder_loss: 0.02537 eeg_loss: 0.09973 eeg_valid_ratio: 0.77315
[2026-06-25 15:40:37,692][trainer.perfrdiff_rewrite_weight][INFO] - Epoch: 82 train_loss: 0.12707 prior_loss: 0.00000 decoder_loss: 0.02506 eeg_loss: 0.10202 eeg_valid_ratio: 0.77917
[2026-06-25 15:40:57,796][trainer.perfrdiff_rewrite_weight][INFO] - Epoch: 83 train_loss: 0.12592 prior_loss: 0.00000 decoder_loss: 0.02575 eeg_loss: 0.10016 eeg_valid_ratio: 0.77694
[2026-06-25 15:41:18,594][trainer.perfrdiff_rewrite_weight][INFO] - Epoch: 84 train_loss: 0.12500 prior_loss: 0.00000 decoder_loss: 0.02448 eeg_loss: 0.10052 eeg_valid_ratio: 0.77496
[2026-06-25 15:41:39,166][trainer.perfrdiff_rewrite_weight][INFO] - Epoch: 85 train_loss: 0.12551 prior_loss: 0.00000 decoder_loss: 0.02475 eeg_loss: 0.10077 eeg_valid_ratio: 0.76627
[2026-06-25 15:41:59,924][trainer.perfrdiff_rewrite_weight][INFO] - Epoch: 86 train_loss: 0.12890 prior_loss: 0.00000 decoder_loss: 0.02536 eeg_loss: 0.10354 eeg_valid_ratio: 0.77397
[2026-06-25 15:42:20,221][trainer.perfrdiff_rewrite_weight][INFO] - Epoch: 87 train_loss: 0.12405 prior_loss: 0.00000 decoder_loss: 0.02552 eeg_loss: 0.09853 eeg_valid_ratio: 0.77784
[2026-06-25 15:42:40,400][trainer.perfrdiff_rewrite_weight][INFO] - Epoch: 88 train_loss: 0.12662 prior_loss: 0.00000 decoder_loss: 0.02448 eeg_loss: 0.10214 eeg_valid_ratio: 0.77668
[2026-06-25 15:43:00,713][trainer.perfrdiff_rewrite_weight][INFO] - Epoch: 89 train_loss: 0.12434 prior_loss: 0.00000 decoder_loss: 0.02513 eeg_loss: 0.09920 eeg_valid_ratio: 0.76941
[2026-06-25 15:43:21,231][trainer.perfrdiff_rewrite_weight][INFO] - Epoch: 90 train_loss: 0.12406 prior_loss: 0.00000 decoder_loss: 0.02443 eeg_loss: 0.09963 eeg_valid_ratio: 0.77293
[2026-06-25 15:43:26,300][trainer.perfrdiff_rewrite_weight][INFO] - Epoch: 90 val_loss: 0.16440 prior_loss: 0.00000 decoder_loss: 0.03626 eeg_loss: 0.12815 eeg_valid_ratio: 0.74393
[2026-06-25 15:43:47,021][trainer.perfrdiff_rewrite_weight][INFO] - Epoch: 91 train_loss: 0.12609 prior_loss: 0.00000 decoder_loss: 0.02491 eeg_loss: 0.10118 eeg_valid_ratio: 0.77582
[2026-06-25 15:44:07,428][trainer.perfrdiff_rewrite_weight][INFO] - Epoch: 92 train_loss: 0.12505 prior_loss: 0.00000 decoder_loss: 0.02505 eeg_loss: 0.10000 eeg_valid_ratio: 0.77724
[2026-06-25 15:44:27,863][trainer.perfrdiff_rewrite_weight][INFO] - Epoch: 93 train_loss: 0.12497 prior_loss: 0.00000 decoder_loss: 0.02538 eeg_loss: 0.09958 eeg_valid_ratio: 0.77268
[2026-06-25 15:44:48,507][trainer.perfrdiff_rewrite_weight][INFO] - Epoch: 94 train_loss: 0.12629 prior_loss: 0.00000 decoder_loss: 0.02507 eeg_loss: 0.10121 eeg_valid_ratio: 0.77306
[2026-06-25 15:45:08,886][trainer.perfrdiff_rewrite_weight][INFO] - Epoch: 95 train_loss: 0.12934 prior_loss: 0.00000 decoder_loss: 0.02647 eeg_loss: 0.10287 eeg_valid_ratio: 0.77496
[2026-06-25 15:45:28,996][trainer.perfrdiff_rewrite_weight][INFO] - Epoch: 96 train_loss: 0.12671 prior_loss: 0.00000 decoder_loss: 0.02677 eeg_loss: 0.09994 eeg_valid_ratio: 0.77324
[2026-06-25 15:45:49,755][trainer.perfrdiff_rewrite_weight][INFO] - Epoch: 97 train_loss: 0.12302 prior_loss: 0.00000 decoder_loss: 0.02514 eeg_loss: 0.09788 eeg_valid_ratio: 0.77354
[2026-06-25 15:46:10,083][trainer.perfrdiff_rewrite_weight][INFO] - Epoch: 98 train_loss: 0.12383 prior_loss: 0.00000 decoder_loss: 0.02442 eeg_loss: 0.09941 eeg_valid_ratio: 0.77771
[2026-06-25 15:46:30,358][trainer.perfrdiff_rewrite_weight][INFO] - Epoch: 99 train_loss: 0.12622 prior_loss: 0.00000 decoder_loss: 0.02396 eeg_loss: 0.10226 eeg_valid_ratio: 0.77285
[2026-06-25 15:46:50,483][trainer.perfrdiff_rewrite_weight][INFO] - Epoch: 100 train_loss: 0.12526 prior_loss: 0.00000 decoder_loss: 0.02478 eeg_loss: 0.10047 eeg_valid_ratio: 0.77440
[2026-06-25 15:46:55,647][trainer.perfrdiff_rewrite_weight][INFO] - Epoch: 100 val_loss: 0.17406 prior_loss: 0.00000 decoder_loss: 0.03682 eeg_loss: 0.13724 eeg_valid_ratio: 0.78121
[2026-06-25 15:46:56,441][__main__][INFO] - Fitting done
